  main.cpp
  VM.cpp
  Generating Code...
LINK : warning LNK4075: ignoring '/INCREMENTAL' due to '/FORCE' specification
VM.obj : warning LNK4006: "public: void __thiscall VM::Arithmetic_funct(int,class std::basic_string<char,struct std::char_traits<char>,class std::allocator<char> >)" (?Arithmetic_funct@VM@@QAEXHV?$basic_string@DU?$char_traits@D@std@@V?$allocator@D@2@@std@@@Z) already defined in main.obj; second definition ignored
VM.obj : warning LNK4006: "public: void __thiscall VM::Call_funct(int &,class std::basic_string<char,struct std::char_traits<char>,class std::allocator<char> >)" (?Call_funct@VM@@QAEXAAHV?$basic_string@DU?$char_traits@D@std@@V?$allocator@D@2@@std@@@Z) already defined in main.obj; second definition ignored
VM.obj : warning LNK4006: "public: void __thiscall VM::Comp_funct(int,class std::basic_string<char,struct std::char_traits<char>,class std::allocator<char> >)" (?Comp_funct@VM@@QAEXHV?$basic_string@DU?$char_traits@D@std@@V?$allocator@D@2@@std@@@Z) already defined in main.obj; second definition ignored
VM.obj : warning LNK4006: "public: void __thiscall VM::Jump_funct(int &,class std::basic_string<char,struct std::char_traits<char>,class std::allocator<char> >)" (?Jump_funct@VM@@QAEXAAHV?$basic_string@DU?$char_traits@D@std@@V?$allocator@D@2@@std@@@Z) already defined in main.obj; second definition ignored
VM.obj : warning LNK4006: "public: void __thiscall VM::Jumpif_funct(int &,class std::basic_string<char,struct std::char_traits<char>,class std::allocator<char> >)" (?Jumpif_funct@VM@@QAEXAAHV?$basic_string@DU?$char_traits@D@std@@V?$allocator@D@2@@std@@@Z) already defined in main.obj; second definition ignored
VM.obj : warning LNK4006: "public: void __thiscall VM::L_S_funct(int,class std::basic_string<char,struct std::char_traits<char>,class std::allocator<char> >)" (?L_S_funct@VM@@QAEXHV?$basic_string@DU?$char_traits@D@std@@V?$allocator@D@2@@std@@@Z) already defined in main.obj; second definition ignored
VM.obj : warning LNK4006: "public: void __thiscall VM::Logic1_funct(int,class std::basic_string<char,struct std::char_traits<char>,class std::allocator<char> >)" (?Logic1_funct@VM@@QAEXHV?$basic_string@DU?$char_traits@D@std@@V?$allocator@D@2@@std@@@Z) already defined in main.obj; second definition ignored
VM.obj : warning LNK4006: "public: void __thiscall VM::Logic2_funct(int,class std::basic_string<char,struct std::char_traits<char>,class std::allocator<char> >)" (?Logic2_funct@VM@@QAEXHV?$basic_string@DU?$char_traits@D@std@@V?$allocator@D@2@@std@@@Z) already defined in main.obj; second definition ignored
VM.obj : warning LNK4006: "public: void __thiscall VM::Return_funct(int &,class std::basic_string<char,struct std::char_traits<char>,class std::allocator<char> >)" (?Return_funct@VM@@QAEXAAHV?$basic_string@DU?$char_traits@D@std@@V?$allocator@D@2@@std@@@Z) already defined in main.obj; second definition ignored
VM.obj : warning LNK4006: "public: bool __thiscall Stack::isFull(void)" (?isFull@Stack@@QAE_NXZ) already defined in main.obj; second definition ignored
VM.obj : warning LNK4006: "public: class std::basic_string<char,struct std::char_traits<char>,class std::allocator<char> > __thiscall Stack::pop(void)" (?pop@Stack@@QAE?AV?$basic_string@DU?$char_traits@D@std@@V?$allocator@D@2@@std@@XZ) already defined in main.obj; second definition ignored
VM.obj : warning LNK4006: "public: bool __thiscall Stack::push(class std::basic_string<char,struct std::char_traits<char>,class std::allocator<char> >,int)" (?push@Stack@@QAE_NV?$basic_string@DU?$char_traits@D@std@@V?$allocator@D@2@@std@@H@Z) already defined in main.obj; second definition ignored
VM.obj : warning LNK4006: "public: void __thiscall VM::run(class std::basic_string<char,struct std::char_traits<char>,class std::allocator<char> >)" (?run@VM@@QAEXV?$basic_string@DU?$char_traits@D@std@@V?$allocator@D@2@@std@@@Z) already defined in main.obj; second definition ignored
VM.obj : warning LNK4006: "public: class std::basic_string<char,struct std::char_traits<char>,class std::allocator<char> > __thiscall VM::zero_handle(class std::basic_string<char,struct std::char_traits<char>,class std::allocator<char> >)" (?zero_handle@VM@@QAE?AV?$basic_string@DU?$char_traits@D@std@@V?$allocator@D@2@@std@@V23@@Z) already defined in main.obj; second definition ignored
VM.obj : warning LNK4006: "class Stack S" (?S@@3VStack@@A) already defined in main.obj; second definition ignored
VM.obj : warning LNK4006: "class std::basic_regex<char,class std::regex_traits<char> > Arithmetic_operand" (?Arithmetic_operand@@3V?$basic_regex@DV?$regex_traits@D@std@@@std@@A) already defined in main.obj; second definition ignored
VM.obj : warning LNK4006: "class std::basic_regex<char,class std::regex_traits<char> > Arithmetic" (?Arithmetic@@3V?$basic_regex@DV?$regex_traits@D@std@@@std@@A) already defined in main.obj; second definition ignored
VM.obj : warning LNK4006: "class std::basic_regex<char,class std::regex_traits<char> > Comparison_operand" (?Comparison_operand@@3V?$basic_regex@DV?$regex_traits@D@std@@@std@@A) already defined in main.obj; second definition ignored
VM.obj : warning LNK4006: "class std::basic_regex<char,class std::regex_traits<char> > Logical_operand1" (?Logical_operand1@@3V?$basic_regex@DV?$regex_traits@D@std@@@std@@A) already defined in main.obj; second definition ignored
VM.obj : warning LNK4006: "class std::basic_regex<char,class std::regex_traits<char> > Logical_operand2" (?Logical_operand2@@3V?$basic_regex@DV?$regex_traits@D@std@@@std@@A) already defined in main.obj; second definition ignored
VM.obj : warning LNK4006: "class std::basic_regex<char,class std::regex_traits<char> > Onlydest" (?Onlydest@@3V?$basic_regex@DV?$regex_traits@D@std@@@std@@A) already defined in main.obj; second definition ignored
VM.obj : warning LNK4006: "class std::basic_regex<char,class std::regex_traits<char> > L_S_operand" (?L_S_operand@@3V?$basic_regex@DV?$regex_traits@D@std@@@std@@A) already defined in main.obj; second definition ignored
VM.obj : warning LNK4006: "class std::basic_regex<char,class std::regex_traits<char> > Jump_operand" (?Jump_operand@@3V?$basic_regex@DV?$regex_traits@D@std@@@std@@A) already defined in main.obj; second definition ignored
VM.obj : warning LNK4006: "class std::basic_regex<char,class std::regex_traits<char> > Jumpif_operand" (?Jumpif_operand@@3V?$basic_regex@DV?$regex_traits@D@std@@@std@@A) already defined in main.obj; second definition ignored
VM.obj : warning LNK4006: "class std::basic_regex<char,class std::regex_traits<char> > Call_operand" (?Call_operand@@3V?$basic_regex@DV?$regex_traits@D@std@@@std@@A) already defined in main.obj; second definition ignored
VM.obj : warning LNK4006: "class std::basic_regex<char,class std::regex_traits<char> > Return_operand" (?Return_operand@@3V?$basic_regex@DV?$regex_traits@D@std@@@std@@A) already defined in main.obj; second definition ignored
VM.obj : warning LNK4006: "class std::match_results<class std::_String_const_iterator<class std::_String_val<struct std::_Simple_types<char> > >,class std::allocator<class std::sub_match<class std::_String_const_iterator<class std::_String_val<struct std::_Simple_types<char> > > > > > P_str" (?P_str@@3V?$match_results@V?$_String_const_iterator@V?$_String_val@U?$_Simple_types@D@std@@@std@@@std@@V?$allocator@V?$sub_match@V?$_String_const_iterator@V?$_String_val@U?$_Simple_types@D@std@@@std@@@std@@@std@@@2@@std@@A) already defined in main.obj; second definition ignored
VM.obj : warning LNK4006: "class std::match_results<class std::_String_const_iterator<class std::_String_val<struct std::_Simple_types<char> > >,class std::allocator<class std::sub_match<class std::_String_const_iterator<class std::_String_val<struct std::_Simple_types<char> > > > > > scr" (?scr@@3V?$match_results@V?$_String_const_iterator@V?$_String_val@U?$_Simple_types@D@std@@@std@@@std@@V?$allocator@V?$sub_match@V?$_String_const_iterator@V?$_String_val@U?$_Simple_types@D@std@@@std@@@std@@@std@@@2@@std@@A) already defined in main.obj; second definition ignored
VM.obj : warning LNK4006: "class std::match_results<class std::_String_const_iterator<class std::_String_val<struct std::_Simple_types<char> > >,class std::allocator<class std::sub_match<class std::_String_const_iterator<class std::_String_val<struct std::_Simple_types<char> > > > > > scr_new" (?scr_new@@3V?$match_results@V?$_String_const_iterator@V?$_String_val@U?$_Simple_types@D@std@@@std@@@std@@V?$allocator@V?$sub_match@V?$_String_const_iterator@V?$_String_val@U?$_Simple_types@D@std@@@std@@@std@@@std@@@2@@std@@A) already defined in main.obj; second definition ignored
VM.obj : warning LNK4006: "class std::match_results<class std::_String_const_iterator<class std::_String_val<struct std::_Simple_types<char> > >,class std::allocator<class std::sub_match<class std::_String_const_iterator<class std::_String_val<struct std::_Simple_types<char> > > > > > dest" (?dest@@3V?$match_results@V?$_String_const_iterator@V?$_String_val@U?$_Simple_types@D@std@@@std@@@std@@V?$allocator@V?$sub_match@V?$_String_const_iterator@V?$_String_val@U?$_Simple_types@D@std@@@std@@@std@@@std@@@2@@std@@A) already defined in main.obj; second definition ignored
VM.obj : warning LNK4006: "class std::match_results<class std::_String_const_iterator<class std::_String_val<struct std::_Simple_types<char> > >,class std::allocator<class std::sub_match<class std::_String_const_iterator<class std::_String_val<struct std::_Simple_types<char> > > > > > dest_new" (?dest_new@@3V?$match_results@V?$_String_const_iterator@V?$_String_val@U?$_Simple_types@D@std@@@std@@@std@@V?$allocator@V?$sub_match@V?$_String_const_iterator@V?$_String_val@U?$_Simple_types@D@std@@@std@@@std@@@std@@@2@@std@@A) already defined in main.obj; second definition ignored
VM.obj : warning LNK4006: "class std::basic_string<char,struct std::char_traits<char>,class std::allocator<char> > result" (?result@@3V?$basic_string@DU?$char_traits@D@std@@V?$allocator@D@2@@std@@A) already defined in main.obj; second definition ignored
C:\HK_202_new\AssignmentDSAA\Debug\AssignmentDSAA.exe : warning LNK4088: image being generated due to /FORCE option; image may not run
  AssignmentDSAA.vcxproj -> C:\HK_202_new\AssignmentDSAA\Debug\AssignmentDSAA.exe
